14:17:56 **** Incremental Build of configuration Debug for project Blatt8 ****
Info: Internal Builder is used for build
g++ "-IC:\\portableDevEnv_2017\\eclipse\\/../gtest/include" -O0 -g3 -Wall -c -fmessage-length=0 -o "src\\main.o" "..\\src\\main.cpp" 
g++ "-LC:\\portableDevEnv_2017\\eclipse\\/../gtest/lib" -o Blatt8.exe "src\\XOutOfBounds.o" "src\\main.o" -lgtest 
Info: Nothing to build for Blatt8
14:19:02 **** Incremental Build of configuration Debug for project Blatt8 ****
Info: Internal Builder is used for build
g++ "-IC:\\portableDevEnv_2017\\eclipse\\/../gtest/include" -O0 -g3 -Wall -c -fmessage-length=0 -o "src\\main.o" "..\\src\\main.cpp" 
g++ "-LC:\\portableDevEnv_2017\\eclipse\\/../gtest/lib" -o Blatt8.exe "src\\XOutOfBounds.o" "src\\main.o" -lgtest 
14:19:52 **** Incremental Build of configuration Debug for project Blatt8 ****
Info: Internal Builder is used for build
g++ "-IC:\\portableDevEnv_2017\\eclipse\\/../gtest/include" -O0 -g3 -Wall -c -fmessage-length=0 -o "src\\main.o" "..\\src\\main.cpp" 
g++ "-LC:\\portableDevEnv_2017\\eclipse\\/../gtest/lib" -o Blatt8.exe "src\\XOutOfBounds.o" "src\\main.o" -lgtest 
14:21:48 **** Incremental Build of configuration Debug for project Blatt8 ****
Info: Internal Builder is used for build
g++ "-IC:\\portableDevEnv_2017\\eclipse\\/../gtest/include" -O0 -g3 -Wall -c -fmessage-length=0 -o "src\\main.o" "..\\src\\main.cpp" 
g++ "-LC:\\portableDevEnv_2017\\eclipse\\/../gtest/lib" -o Blatt8.exe "src\\XOutOfBounds.o" "src\\main.o" -lgtest 
14:22:19 **** Incremental Build of configuration Debug for project Blatt8 ****
Info: Internal Builder is used for build
g++ "-IC:\\portableDevEnv_2017\\eclipse\\/../gtest/include" -O0 -g3 -Wall -c -fmessage-length=0 -o "src\\main.o" "..\\src\\main.cpp" 
g++ "-LC:\\portableDevEnv_2017\\eclipse\\/../gtest/lib" -o Blatt8.exe "src\\XOutOfBounds.o" "src\\main.o" -lgtest 
14:22:49 **** Incremental Build of configuration Debug for project Blatt8 ****
Info: Internal Builder is used for build
g++ "-IC:\\portableDevEnv_2017\\eclipse\\/../gtest/include" -O0 -g3 -Wall -c -fmessage-length=0 -o "src\\main.o" "..\\src\\main.cpp" 
g++ "-LC:\\portableDevEnv_2017\\eclipse\\/../gtest/lib" -o Blatt8.exe "src\\XOutOfBounds.o" "src\\main.o" -lgtest 
14:23:20 **** Incremental Build of configuration Debug for project Blatt8 ****
Info: Internal Builder is used for build
g++ "-IC:\\portableDevEnv_2017\\eclipse\\/../gtest/include" -O0 -g3 -Wall -c -fmessage-length=0 -o "src\\main.o" "..\\src\\main.cpp" 
g++ "-LC:\\portableDevEnv_2017\\eclipse\\/../gtest/lib" -o Blatt8.exe "src\\XOutOfBounds.o" "src\\main.o" -lgtest 
14:25:12 **** Incremental Build of configuration Debug for project Blatt8 ****
Info: Internal Builder is used for build
g++ "-IC:\\portableDevEnv_2017\\eclipse\\/../gtest/include" -O0 -g3 -Wall -c -fmessage-length=0 -o "src\\main.o" "..\\src\\main.cpp" 
g++ "-LC:\\portableDevEnv_2017\\eclipse\\/../gtest/lib" -o Blatt8.exe "src\\XOutOfBounds.o" "src\\main.o" -lgtest 
14:35:38 **** Incremental Build of configuration Debug for project Blatt8 ****
Info: Internal Builder is used for build
g++ "-IC:\\portableDevEnv_2017\\eclipse\\/../gtest/include" -O0 -g3 -Wall -c -fmessage-length=0 -o "src\\main.o" "..\\src\\main.cpp" 
g++ "-LC:\\portableDevEnv_2017\\eclipse\\/../gtest/lib" -o Blatt8.exe "src\\XOutOfBounds.o" "src\\main.o" -lgtest 
14:37:04 **** Incremental Build of configuration Debug for project Blatt8 ****
Info: Internal Builder is used for build
g++ "-IC:\\portableDevEnv_2017\\eclipse\\/../gtest/include" -O0 -g3 -Wall -c -fmessage-length=0 -o "src\\main.o" "..\\src\\main.cpp" 
g++ "-LC:\\portableDevEnv_2017\\eclipse\\/../gtest/lib" -o Blatt8.exe "src\\XOutOfBounds.o" "src\\main.o" -lgtest 
14:40:59 **** Incremental Build of configuration Debug for project Blatt8 ****
Info: Internal Builder is used for build
g++ "-IC:\\portableDevEnv_2017\\eclipse\\/../gtest/include" -O0 -g3 -Wall -c -fmessage-length=0 -o "src\\main.o" "..\\src\\main.cpp" 
In file included from ..\src\main.cpp:56:0:
..\src\CBaum.hpp: In instantiation of 'void CBaum<T>::deleteBaum(CKnot<T>*) [with T = int]':
..\src\CBaum.hpp:54:12:   required from 'CBaum<T>::~CBaum() [with T = int]'
..\src\main.cpp:59:13:   required from here
..\src\CBaum.hpp:120:13: error: no matching function for call to 'CBaum<int>::deleteBaum(std::unique_ptr<CKnot<int>, std::default_delete<CKnot<int> > >&)'
   deleteBaum(knot->m_left);
   ~~~~~~~~~~^~~~~~~~~~~~~~
..\src\CBaum.hpp:118:6: note: candidate: void CBaum<T>::deleteBaum(CKnot<T>*) [with T = int]
 void CBaum<T>::deleteBaum(CKnot<T>* knot){
      ^~~~~~~~
..\src\CBaum.hpp:118:6: note:   no known conversion for argument 1 from 'std::unique_ptr<CKnot<int>, std::default_delete<CKnot<int> > >' to 'CKnot<int>*'
..\src\CBaum.hpp:121:13: error: no matching function for call to 'CBaum<int>::deleteBaum(std::unique_ptr<CKnot<int>, std::default_delete<CKnot<int> > >&)'
   deleteBaum(knot->m_right);
   ~~~~~~~~~~^~~~~~~~~~~~~~~
..\src\CBaum.hpp:118:6: note: candidate: void CBaum<T>::deleteBaum(CKnot<T>*) [with T = int]
 void CBaum<T>::deleteBaum(CKnot<T>* knot){
      ^~~~~~~~
..\src\CBaum.hpp:118:6: note:   no known conversion for argument 1 from 'std::unique_ptr<CKnot<int>, std::default_delete<CKnot<int> > >' to 'CKnot<int>*'
..\src\CBaum.hpp: In instantiation of 'void CBaum<T>::insert(T, CKnot<T>*) [with T = int]':
..\src\CBaum.hpp:59:8:   required from 'void CBaum<T>::insert(T) [with T = int]'
..\src\main.cpp:60:15:   required from here
..\src\CBaum.hpp:69:18: error: no match for 'operator=' (operand types are 'std::unique_ptr<CKnot<int>, std::default_delete<CKnot<int> > >' and 'CKnot<int>*')
     knot->m_left = new CKnot<T>(value);
     ~~~~~~~~~~~~~^~~~~~~~~~~~~~~~~~~~~
In file included from C:/portableDevEnv_2017/MinGW/lib/gcc/x86_64-w64-mingw32/6.3.0/include/c++/bits/locale_conv.h:41:0,
                 from C:/portableDevEnv_2017/MinGW/lib/gcc/x86_64-w64-mingw32/6.3.0/include/c++/locale:43,
                 from C:/portableDevEnv_2017/MinGW/lib/gcc/x86_64-w64-mingw32/6.3.0/include/c++/iomanip:43,
                 from C:/portableDevEnv_2017/gtest/include/gtest/internal/gtest-internal.h:56,
                 from C:/portableDevEnv_2017/gtest/include/gtest/gtest.h:58,
                 from ..\src\main.cpp:12:
C:/portableDevEnv_2017/MinGW/lib/gcc/x86_64-w64-mingw32/6.3.0/include/c++/bits/unique_ptr.h:252:7: note: candidate: std::unique_ptr<_Tp, _Dp>& std::unique_ptr<_Tp, _Dp>::operator=(std::unique_ptr<_Tp, _Dp>&&) [with _Tp = CKnot<int>; _Dp = std::default_delete<CKnot<int> >]
       operator=(unique_ptr&& __u) noexcept
       ^~~~~~~~
C:/portableDevEnv_2017/MinGW/lib/gcc/x86_64-w64-mingw32/6.3.0/include/c++/bits/unique_ptr.h:252:7: note:   no known conversion for argument 1 from 'CKnot<int>*' to 'std::unique_ptr<CKnot<int>, std::default_delete<CKnot<int> > >&&'
C:/portableDevEnv_2017/MinGW/lib/gcc/x86_64-w64-mingw32/6.3.0/include/c++/bits/unique_ptr.h:272:2: note: candidate: template<class _Up, class _Ep> typename std::enable_if<std::__and_<std::__and_<std::is_convertible<typename std::unique_ptr<_Up, _Ep>::pointer, typename std::unique_ptr<_Tp, _Dp>::_Pointer::type>, std::__not_<std::is_array<_Up> >, std::__or_<std::__and_<std::is_reference<_Dp>, std::is_same<_T2, _U2> >, std::__and_<std::__not_<std::is_reference<_Dp> >, std::is_convertible<_Ep, _Dp> > > >, std::is_assignable<_T2&, _U2&&> >::value, std::unique_ptr<_Tp, _Dp>&>::type std::unique_ptr<_Tp, _Dp>::operator=(std::unique_ptr<_Up, _Ep>&&) [with _Up = _Up; _Ep = _Ep; _Tp = CKnot<int>; _Dp = std::default_delete<CKnot<int> >]
  operator=(unique_ptr<_Up, _Ep>&& __u) noexcept
  ^~~~~~~~
C:/portableDevEnv_2017/MinGW/lib/gcc/x86_64-w64-mingw32/6.3.0/include/c++/bits/unique_ptr.h:272:2: note:   template argument deduction/substitution failed:
In file included from ..\src\main.cpp:56:0:
..\src\CBaum.hpp:69:18: note:   mismatched types 'std::unique_ptr<_Tp, _Dp>' and 'CKnot<int>*'
     knot->m_left = new CKnot<T>(value);
     ~~~~~~~~~~~~~^~~~~~~~~~~~~~~~~~~~~
In file included from C:/portableDevEnv_2017/MinGW/lib/gcc/x86_64-w64-mingw32/6.3.0/include/c++/bits/locale_conv.h:41:0,
                 from C:/portableDevEnv_2017/MinGW/lib/gcc/x86_64-w64-mingw32/6.3.0/include/c++/locale:43,
                 from C:/portableDevEnv_2017/MinGW/lib/gcc/x86_64-w64-mingw32/6.3.0/include/c++/iomanip:43,
                 from C:/portableDevEnv_2017/gtest/include/gtest/internal/gtest-internal.h:56,
                 from C:/portableDevEnv_2017/gtest/include/gtest/gtest.h:58,
                 from ..\src\main.cpp:12:
C:/portableDevEnv_2017/MinGW/lib/gcc/x86_64-w64-mingw32/6.3.0/include/c++/bits/unique_ptr.h:281:7: note: candidate: std::unique_ptr<_Tp, _Dp>& std::unique_ptr<_Tp, _Dp>::operator=(std::nullptr_t) [with _Tp = CKnot<int>; _Dp = std::default_delete<CKnot<int> >; std::nullptr_t = std::nullptr_t]
       operator=(nullptr_t) noexcept
       ^~~~~~~~
C:/portableDevEnv_2017/MinGW/lib/gcc/x86_64-w64-mingw32/6.3.0/include/c++/bits/unique_ptr.h:281:7: note:   no known conversion for argument 1 from 'CKnot<int>*' to 'std::nullptr_t'
In file included from ..\src\main.cpp:56:0:
..\src\CBaum.hpp:71:11: error: no matching function for call to 'CBaum<int>::insert(int&, std::unique_ptr<CKnot<int>, std::default_delete<CKnot<int> > >&)'
     insert(value, knot->m_left);
     ~~~~~~^~~~~~~~~~~~~~~~~~~~~
..\src\CBaum.hpp:58:6: note: candidate: void CBaum<T>::insert(T) [with T = int]
 void CBaum<T>::insert(T value){
      ^~~~~~~~
..\src\CBaum.hpp:58:6: note:   candidate expects 1 argument, 2 provided
..\src\CBaum.hpp:62:6: note: candidate: void CBaum<T>::insert(T, CKnot<T>*) [with T = int]
 void CBaum<T>::insert(T value, CKnot<T>* knot){
      ^~~~~~~~
..\src\CBaum.hpp:62:6: note:   no known conversion for argument 2 from 'std::unique_ptr<CKnot<int>, std::default_delete<CKnot<int> > >' to 'CKnot<int>*'
..\src\CBaum.hpp:74:19: error: no match for 'operator=' (operand types are 'std::unique_ptr<CKnot<int>, std::default_delete<CKnot<int> > >' and 'CKnot<int>*')
     knot->m_right = new CKnot<T>(value);
     ~~~~~~~~~~~~~~^~~~~~~~~~~~~~~~~~~~~
In file included from C:/portableDevEnv_2017/MinGW/lib/gcc/x86_64-w64-mingw32/6.3.0/include/c++/bits/locale_conv.h:41:0,
                 from C:/portableDevEnv_2017/MinGW/lib/gcc/x86_64-w64-mingw32/6.3.0/include/c++/locale:43,
                 from C:/portableDevEnv_2017/MinGW/lib/gcc/x86_64-w64-mingw32/6.3.0/include/c++/iomanip:43,
                 from C:/portableDevEnv_2017/gtest/include/gtest/internal/gtest-internal.h:56,
                 from C:/portableDevEnv_2017/gtest/include/gtest/gtest.h:58,
                 from ..\src\main.cpp:12:
C:/portableDevEnv_2017/MinGW/lib/gcc/x86_64-w64-mingw32/6.3.0/include/c++/bits/unique_ptr.h:252:7: note: candidate: std::unique_ptr<_Tp, _Dp>& std::unique_ptr<_Tp, _Dp>::operator=(std::unique_ptr<_Tp, _Dp>&&) [with _Tp = CKnot<int>; _Dp = std::default_delete<CKnot<int> >]
       operator=(unique_ptr&& __u) noexcept
       ^~~~~~~~
C:/portableDevEnv_2017/MinGW/lib/gcc/x86_64-w64-mingw32/6.3.0/include/c++/bits/unique_ptr.h:252:7: note:   no known conversion for argument 1 from 'CKnot<int>*' to 'std::unique_ptr<CKnot<int>, std::default_delete<CKnot<int> > >&&'
C:/portableDevEnv_2017/MinGW/lib/gcc/x86_64-w64-mingw32/6.3.0/include/c++/bits/unique_ptr.h:272:2: note: candidate: template<class _Up, class _Ep> typename std::enable_if<std::__and_<std::__and_<std::is_convertible<typename std::unique_ptr<_Up, _Ep>::pointer, typename std::unique_ptr<_Tp, _Dp>::_Pointer::type>, std::__not_<std::is_array<_Up> >, std::__or_<std::__and_<std::is_reference<_Dp>, std::is_same<_T2, _U2> >, std::__and_<std::__not_<std::is_reference<_Dp> >, std::is_convertible<_Ep, _Dp> > > >, std::is_assignable<_T2&, _U2&&> >::value, std::unique_ptr<_Tp, _Dp>&>::type std::unique_ptr<_Tp, _Dp>::operator=(std::unique_ptr<_Up, _Ep>&&) [with _Up = _Up; _Ep = _Ep; _Tp = CKnot<int>; _Dp = std::default_delete<CKnot<int> >]
  operator=(unique_ptr<_Up, _Ep>&& __u) noexcept
  ^~~~~~~~
C:/portableDevEnv_2017/MinGW/lib/gcc/x86_64-w64-mingw32/6.3.0/include/c++/bits/unique_ptr.h:272:2: note:   template argument deduction/substitution failed:
In file included from ..\src\main.cpp:56:0:
..\src\CBaum.hpp:74:19: note:   mismatched types 'std::unique_ptr<_Tp, _Dp>' and 'CKnot<int>*'
     knot->m_right = new CKnot<T>(value);
     ~~~~~~~~~~~~~~^~~~~~~~~~~~~~~~~~~~~
In file included from C:/portableDevEnv_2017/MinGW/lib/gcc/x86_64-w64-mingw32/6.3.0/include/c++/bits/locale_conv.h:41:0,
                 from C:/portableDevEnv_2017/MinGW/lib/gcc/x86_64-w64-mingw32/6.3.0/include/c++/locale:43,
                 from C:/portableDevEnv_2017/MinGW/lib/gcc/x86_64-w64-mingw32/6.3.0/include/c++/iomanip:43,
                 from C:/portableDevEnv_2017/gtest/include/gtest/internal/gtest-internal.h:56,
                 from C:/portableDevEnv_2017/gtest/include/gtest/gtest.h:58,
                 from ..\src\main.cpp:12:
C:/portableDevEnv_2017/MinGW/lib/gcc/x86_64-w64-mingw32/6.3.0/include/c++/bits/unique_ptr.h:281:7: note: candidate: std::unique_ptr<_Tp, _Dp>& std::unique_ptr<_Tp, _Dp>::operator=(std::nullptr_t) [with _Tp = CKnot<int>; _Dp = std::default_delete<CKnot<int> >; std::nullptr_t = std::nullptr_t]
       operator=(nullptr_t) noexcept
       ^~~~~~~~
C:/portableDevEnv_2017/MinGW/lib/gcc/x86_64-w64-mingw32/6.3.0/include/c++/bits/unique_ptr.h:281:7: note:   no known conversion for argument 1 from 'CKnot<int>*' to 'std::nullptr_t'
In file included from ..\src\main.cpp:56:0:
..\src\CBaum.hpp:76:11: error: no matching function for call to 'CBaum<int>::insert(int&, std::unique_ptr<CKnot<int>, std::default_delete<CKnot<int> > >&)'
     insert(value, knot->m_right);
     ~~~~~~^~~~~~~~~~~~~~~~~~~~~~
..\src\CBaum.hpp:58:6: note: candidate: void CBaum<T>::insert(T) [with T = int]
 void CBaum<T>::insert(T value){
      ^~~~~~~~
..\src\CBaum.hpp:58:6: note:   candidate expects 1 argument, 2 provided
..\src\CBaum.hpp:62:6: note: candidate: void CBaum<T>::insert(T, CKnot<T>*) [with T = int]
 void CBaum<T>::insert(T value, CKnot<T>* knot){
      ^~~~~~~~
..\src\CBaum.hpp:62:6: note:   no known conversion for argument 2 from 'std::unique_ptr<CKnot<int>, std::default_delete<CKnot<int> > >' to 'CKnot<int>*'
..\src\CBaum.hpp: In instantiation of 'void CBaum<T>::inorder(std::ostream&, CKnot<T>*) [with T = int; std::ostream = std::basic_ostream<char>]':
..\src\CBaum.hpp:82:9:   required from 'void CBaum<T>::inorder(std::ostream&) [with T = int; std::ostream = std::basic_ostream<char>]'
..\src\main.cpp:69:22:   required from here
..\src\CBaum.hpp:87:10: error: no matching function for call to 'CBaum<int>::inorder(std::ostream&, std::unique_ptr<CKnot<int>, std::default_delete<CKnot<int> > >&)'
   inorder(os, knot->m_left);
   ~~~~~~~^~~~~~~~~~~~~~~~~~
..\src\CBaum.hpp:81:6: note: candidate: void CBaum<T>::inorder(std::ostream&) [with T = int; std::ostream = std::basic_ostream<char>]
 void CBaum<T>::inorder(std::ostream& os){
      ^~~~~~~~
..\src\CBaum.hpp:81:6: note:   candidate expects 1 argument, 2 provided
..\src\CBaum.hpp:85:6: note: candidate: void CBaum<T>::inorder(std::ostream&, CKnot<T>*) [with T = int; std::ostream = std::basic_ostream<char>]
 void CBaum<T>::inorder(std::ostream& os, CKnot<T>* knot){
      ^~~~~~~~
..\src\CBaum.hpp:85:6: note:   no known conversion for argument 2 from 'std::unique_ptr<CKnot<int>, std::default_delete<CKnot<int> > >' to 'CKnot<int>*'
..\src\CBaum.hpp:89:10: error: no matching function for call to 'CBaum<int>::inorder(std::ostream&, std::unique_ptr<CKnot<int>, std::default_delete<CKnot<int> > >&)'
   inorder(os, knot->m_right);
   ~~~~~~~^~~~~~~~~~~~~~~~~~~
..\src\CBaum.hpp:81:6: note: candidate: void CBaum<T>::inorder(std::ostream&) [with T = int; std::ostream = std::basic_ostream<char>]
 void CBaum<T>::inorder(std::ostream& os){
      ^~~~~~~~
..\src\CBaum.hpp:81:6: note:   candidate expects 1 argument, 2 provided
..\src\CBaum.hpp:85:6: note: candidate: void CBaum<T>::inorder(std::ostream&, CKnot<T>*) [with T = int; std::ostream = std::basic_ostream<char>]
 void CBaum<T>::inorder(std::ostream& os, CKnot<T>* knot){
      ^~~~~~~~
..\src\CBaum.hpp:85:6: note:   no known conversion for argument 2 from 'std::unique_ptr<CKnot<int>, std::default_delete<CKnot<int> > >' to 'CKnot<int>*'
..\src\CBaum.hpp: In instantiation of 'void CBaum<T>::preorder(std::ostream&, CKnot<T>*) [with T = int; std::ostream = std::basic_ostream<char>]':
..\src\CBaum.hpp:94:10:   required from 'void CBaum<T>::preorder(std::ostream&) [with T = int; std::ostream = std::basic_ostream<char>]'
..\src\main.cpp:72:24:   required from here
..\src\CBaum.hpp:100:11: error: no matching function for call to 'CBaum<int>::preorder(std::ostream&, std::unique_ptr<CKnot<int>, std::default_delete<CKnot<int> > >&)'
   preorder(os, knot->m_left);
   ~~~~~~~~^~~~~~~~~~~~~~~~~~
..\src\CBaum.hpp:93:6: note: candidate: void CBaum<T>::preorder(std::ostream&) [with T = int; std::ostream = std::basic_ostream<char>]
 void CBaum<T>::preorder(std::ostream& os){
      ^~~~~~~~
..\src\CBaum.hpp:93:6: note:   candidate expects 1 argument, 2 provided
..\src\CBaum.hpp:97:6: note: candidate: void CBaum<T>::preorder(std::ostream&, CKnot<T>*) [with T = int; std::ostream = std::basic_ostream<char>]
 void CBaum<T>::preorder(std::ostream& os, CKnot<T>* knot){
      ^~~~~~~~
..\src\CBaum.hpp:97:6: note:   no known conversion for argument 2 from 'std::unique_ptr<CKnot<int>, std::default_delete<CKnot<int> > >' to 'CKnot<int>*'
..\src\CBaum.hpp:101:11: error: no matching function for call to 'CBaum<int>::preorder(std::ostream&, std::unique_ptr<CKnot<int>, std::default_delete<CKnot<int> > >&)'
   preorder(os, knot->m_right);
   ~~~~~~~~^~~~~~~~~~~~~~~~~~~
..\src\CBaum.hpp:93:6: note: candidate: void CBaum<T>::preorder(std::ostream&) [with T = int; std::ostream = std::basic_ostream<char>]
 void CBaum<T>::preorder(std::ostream& os){
      ^~~~~~~~
..\src\CBaum.hpp:93:6: note:   candidate expects 1 argument, 2 provided
..\src\CBaum.hpp:97:6: note: candidate: void CBaum<T>::preorder(std::ostream&, CKnot<T>*) [with T = int; std::ostream = std::basic_ostream<char>]
 void CBaum<T>::preorder(std::ostream& os, CKnot<T>* knot){
      ^~~~~~~~
..\src\CBaum.hpp:97:6: note:   no known conversion for argument 2 from 'std::unique_ptr<CKnot<int>, std::default_delete<CKnot<int> > >' to 'CKnot<int>*'
..\src\CBaum.hpp: In instantiation of 'void CBaum<T>::postorder(std::ostream&, CKnot<T>*) [with T = int; std::ostream = std::basic_ostream<char>]':
..\src\CBaum.hpp:106:11:   required from 'void CBaum<T>::postorder(std::ostream&) [with T = int; std::ostream = std::basic_ostream<char>]'
..\src\main.cpp:75:26:   required from here
..\src\CBaum.hpp:111:12: error: no matching function for call to 'CBaum<int>::postorder(std::ostream&, std::unique_ptr<CKnot<int>, std::default_delete<CKnot<int> > >&)'
   postorder(os, knot->m_left);
   ~~~~~~~~~^~~~~~~~~~~~~~~~~~
..\src\CBaum.hpp:105:6: note: candidate: void CBaum<T>::postorder(std::ostream&) [with T = int; std::ostream = std::basic_ostream<char>]
 void CBaum<T>::postorder(std::ostream& os){
      ^~~~~~~~
..\src\CBaum.hpp:105:6: note:   candidate expects 1 argument, 2 provided
..\src\CBaum.hpp:109:6: note: candidate: void CBaum<T>::postorder(std::ostream&, CKnot<T>*) [with T = int; std::ostream = std::basic_ostream<char>]
 void CBaum<T>::postorder(std::ostream& os, CKnot<T>* knot){
      ^~~~~~~~
..\src\CBaum.hpp:109:6: note:   no known conversion for argument 2 from 'std::unique_ptr<CKnot<int>, std::default_delete<CKnot<int> > >' to 'CKnot<int>*'
..\src\CBaum.hpp:112:12: error: no matching function for call to 'CBaum<int>::postorder(std::ostream&, std::unique_ptr<CKnot<int>, std::default_delete<CKnot<int> > >&)'
   postorder(os, knot->m_right);
   ~~~~~~~~~^~~~~~~~~~~~~~~~~~~
..\src\CBaum.hpp:105:6: note: candidate: void CBaum<T>::postorder(std::ostream&) [with T = int; std::ostream = std::basic_ostream<char>]
 void CBaum<T>::postorder(std::ostream& os){
      ^~~~~~~~
..\src\CBaum.hpp:105:6: note:   candidate expects 1 argument, 2 provided
..\src\CBaum.hpp:109:6: note: candidate: void CBaum<T>::postorder(std::ostream&, CKnot<T>*) [with T = int; std::ostream = std::basic_ostream<char>]
 void CBaum<T>::postorder(std::ostream& os, CKnot<T>* knot){
      ^~~~~~~~
..\src\CBaum.hpp:109:6: note:   no known conversion for argument 2 from 'std::unique_ptr<CKnot<int>, std::default_delete<CKnot<int> > >' to 'CKnot<int>*'
In file included from C:/portableDevEnv_2017/MinGW/lib/gcc/x86_64-w64-mingw32/6.3.0/include/c++/bits/locale_conv.h:41:0,
                 from C:/portableDevEnv_2017/MinGW/lib/gcc/x86_64-w64-mingw32/6.3.0/include/c++/locale:43,
                 from C:/portableDevEnv_2017/MinGW/lib/gcc/x86_64-w64-mingw32/6.3.0/include/c++/iomanip:43,
                 from C:/portableDevEnv_2017/gtest/include/gtest/internal/gtest-internal.h:56,
                 from C:/portableDevEnv_2017/gtest/include/gtest/gtest.h:58,
                 from ..\src\main.cpp:12:
C:/portableDevEnv_2017/MinGW/lib/gcc/x86_64-w64-mingw32/6.3.0/include/c++/bits/unique_ptr.h: In instantiation of 'void std::default_delete<_Tp>::operator()(_Tp*) const [with _Tp = CKnot<int>]':
C:/portableDevEnv_2017/MinGW/lib/gcc/x86_64-w64-mingw32/6.3.0/include/c++/bits/unique_ptr.h:239:17:   required from 'std::unique_ptr<_Tp, _Dp>::~unique_ptr() [with _Tp = CKnot<int>; _Dp = std::default_delete<CKnot<int> >]'
..\src\CBaum.hpp:129:25:   required from 'CKnot<T>::CKnot(T&) [with T = int]'
..\src\CBaum.hpp:64:12:   required from 'void CBaum<T>::insert(T, CKnot<T>*) [with T = int]'
..\src\CBaum.hpp:59:8:   required from 'void CBaum<T>::insert(T) [with T = int]'
..\src\main.cpp:60:15:   required from here
C:/portableDevEnv_2017/MinGW/lib/gcc/x86_64-w64-mingw32/6.3.0/include/c++/bits/unique_ptr.h:76:2: error: 'CKnot<T>::~CKnot() [with T = int]' is private within this context
  delete __ptr;
  ^~~~~~
In file included from ..\src\main.cpp:56:0:
..\src\CBaum.hpp:135:1: note: declared private here
 CKnot<T>::~CKnot(){
 ^~~~~~~~
14:42:01 **** Incremental Build of configuration Debug for project Blatt8 ****
Info: Internal Builder is used for build
g++ "-IC:\\portableDevEnv_2017\\eclipse\\/../gtest/include" -O0 -g3 -Wall -c -fmessage-length=0 -o "src\\main.o" "..\\src\\main.cpp" 
In file included from ..\src\main.cpp:56:0:
..\src\CBaum.hpp: In instantiation of 'void CBaum<T>::deleteBaum(CKnot<T>*) [with T = int]':
..\src\CBaum.hpp:54:12:   required from 'CBaum<T>::~CBaum() [with T = int]'
..\src\main.cpp:59:13:   required from here
..\src\CBaum.hpp:120:13: error: no matching function for call to 'CBaum<int>::deleteBaum(std::unique_ptr<CKnot<int>, std::default_delete<CKnot<int> > >&)'
   deleteBaum(knot->m_left);
   ~~~~~~~~~~^~~~~~~~~~~~~~
..\src\CBaum.hpp:118:6: note: candidate: void CBaum<T>::deleteBaum(CKnot<T>*) [with T = int]
 void CBaum<T>::deleteBaum(CKnot<T>* knot){
      ^~~~~~~~
..\src\CBaum.hpp:118:6: note:   no known conversion for argument 1 from 'std::unique_ptr<CKnot<int>, std::default_delete<CKnot<int> > >' to 'CKnot<int>*'
..\src\CBaum.hpp:121:13: error: no matching function for call to 'CBaum<int>::deleteBaum(std::unique_ptr<CKnot<int>, std::default_delete<CKnot<int> > >&)'
   deleteBaum(knot->m_right);
   ~~~~~~~~~~^~~~~~~~~~~~~~~
..\src\CBaum.hpp:118:6: note: candidate: void CBaum<T>::deleteBaum(CKnot<T>*) [with T = int]
 void CBaum<T>::deleteBaum(CKnot<T>* knot){
      ^~~~~~~~
..\src\CBaum.hpp:118:6: note:   no known conversion for argument 1 from 'std::unique_ptr<CKnot<int>, std::default_delete<CKnot<int> > >' to 'CKnot<int>*'
..\src\CBaum.hpp: In instantiation of 'void CBaum<T>::insert(T, CKnot<T>*) [with T = int]':
..\src\CBaum.hpp:59:8:   required from 'void CBaum<T>::insert(T) [with T = int]'
..\src\main.cpp:60:15:   required from here
..\src\CBaum.hpp:69:18: error: no match for 'operator=' (operand types are 'std::unique_ptr<CKnot<int>, std::default_delete<CKnot<int> > >' and 'CKnot<int>*')
     knot->m_left = new CKnot<T>(value);
     ~~~~~~~~~~~~~^~~~~~~~~~~~~~~~~~~~~
In file included from C:/portableDevEnv_2017/MinGW/lib/gcc/x86_64-w64-mingw32/6.3.0/include/c++/bits/locale_conv.h:41:0,
                 from C:/portableDevEnv_2017/MinGW/lib/gcc/x86_64-w64-mingw32/6.3.0/include/c++/locale:43,
                 from C:/portableDevEnv_2017/MinGW/lib/gcc/x86_64-w64-mingw32/6.3.0/include/c++/iomanip:43,
                 from C:/portableDevEnv_2017/gtest/include/gtest/internal/gtest-internal.h:56,
                 from C:/portableDevEnv_2017/gtest/include/gtest/gtest.h:58,
                 from ..\src\main.cpp:12:
C:/portableDevEnv_2017/MinGW/lib/gcc/x86_64-w64-mingw32/6.3.0/include/c++/bits/unique_ptr.h:252:7: note: candidate: std::unique_ptr<_Tp, _Dp>& std::unique_ptr<_Tp, _Dp>::operator=(std::unique_ptr<_Tp, _Dp>&&) [with _Tp = CKnot<int>; _Dp = std::default_delete<CKnot<int> >]
       operator=(unique_ptr&& __u) noexcept
       ^~~~~~~~
C:/portableDevEnv_2017/MinGW/lib/gcc/x86_64-w64-mingw32/6.3.0/include/c++/bits/unique_ptr.h:252:7: note:   no known conversion for argument 1 from 'CKnot<int>*' to 'std::unique_ptr<CKnot<int>, std::default_delete<CKnot<int> > >&&'
C:/portableDevEnv_2017/MinGW/lib/gcc/x86_64-w64-mingw32/6.3.0/include/c++/bits/unique_ptr.h:272:2: note: candidate: template<class _Up, class _Ep> typename std::enable_if<std::__and_<std::__and_<std::is_convertible<typename std::unique_ptr<_Up, _Ep>::pointer, typename std::unique_ptr<_Tp, _Dp>::_Pointer::type>, std::__not_<std::is_array<_Up> >, std::__or_<std::__and_<std::is_reference<_Dp>, std::is_same<_T2, _U2> >, std::__and_<std::__not_<std::is_reference<_Dp> >, std::is_convertible<_Ep, _Dp> > > >, std::is_assignable<_T2&, _U2&&> >::value, std::unique_ptr<_Tp, _Dp>&>::type std::unique_ptr<_Tp, _Dp>::operator=(std::unique_ptr<_Up, _Ep>&&) [with _Up = _Up; _Ep = _Ep; _Tp = CKnot<int>; _Dp = std::default_delete<CKnot<int> >]
  operator=(unique_ptr<_Up, _Ep>&& __u) noexcept
  ^~~~~~~~
C:/portableDevEnv_2017/MinGW/lib/gcc/x86_64-w64-mingw32/6.3.0/include/c++/bits/unique_ptr.h:272:2: note:   template argument deduction/substitution failed:
In file included from ..\src\main.cpp:56:0:
..\src\CBaum.hpp:69:18: note:   mismatched types 'std::unique_ptr<_Tp, _Dp>' and 'CKnot<int>*'
     knot->m_left = new CKnot<T>(value);
     ~~~~~~~~~~~~~^~~~~~~~~~~~~~~~~~~~~
In file included from C:/portableDevEnv_2017/MinGW/lib/gcc/x86_64-w64-mingw32/6.3.0/include/c++/bits/locale_conv.h:41:0,
                 from C:/portableDevEnv_2017/MinGW/lib/gcc/x86_64-w64-mingw32/6.3.0/include/c++/locale:43,
                 from C:/portableDevEnv_2017/MinGW/lib/gcc/x86_64-w64-mingw32/6.3.0/include/c++/iomanip:43,
                 from C:/portableDevEnv_2017/gtest/include/gtest/internal/gtest-internal.h:56,
                 from C:/portableDevEnv_2017/gtest/include/gtest/gtest.h:58,
                 from ..\src\main.cpp:12:
C:/portableDevEnv_2017/MinGW/lib/gcc/x86_64-w64-mingw32/6.3.0/include/c++/bits/unique_ptr.h:281:7: note: candidate: std::unique_ptr<_Tp, _Dp>& std::unique_ptr<_Tp, _Dp>::operator=(std::nullptr_t) [with _Tp = CKnot<int>; _Dp = std::default_delete<CKnot<int> >; std::nullptr_t = std::nullptr_t]
       operator=(nullptr_t) noexcept
       ^~~~~~~~
C:/portableDevEnv_2017/MinGW/lib/gcc/x86_64-w64-mingw32/6.3.0/include/c++/bits/unique_ptr.h:281:7: note:   no known conversion for argument 1 from 'CKnot<int>*' to 'std::nullptr_t'
In file included from ..\src\main.cpp:56:0:
..\src\CBaum.hpp:71:11: error: no matching function for call to 'CBaum<int>::insert(int&, std::unique_ptr<CKnot<int>, std::default_delete<CKnot<int> > >&)'
     insert(value, knot->m_left);
     ~~~~~~^~~~~~~~~~~~~~~~~~~~~
..\src\CBaum.hpp:58:6: note: candidate: void CBaum<T>::insert(T) [with T = int]
 void CBaum<T>::insert(T value){
      ^~~~~~~~
..\src\CBaum.hpp:58:6: note:   candidate expects 1 argument, 2 provided
..\src\CBaum.hpp:62:6: note: candidate: void CBaum<T>::insert(T, CKnot<T>*) [with T = int]
 void CBaum<T>::insert(T value, CKnot<T>* knot){
      ^~~~~~~~
..\src\CBaum.hpp:62:6: note:   no known conversion for argument 2 from 'std::unique_ptr<CKnot<int>, std::default_delete<CKnot<int> > >' to 'CKnot<int>*'
..\src\CBaum.hpp:74:19: error: no match for 'operator=' (operand types are 'std::unique_ptr<CKnot<int>, std::default_delete<CKnot<int> > >' and 'CKnot<int>*')
     knot->m_right = new CKnot<T>(value);
     ~~~~~~~~~~~~~~^~~~~~~~~~~~~~~~~~~~~
In file included from C:/portableDevEnv_2017/MinGW/lib/gcc/x86_64-w64-mingw32/6.3.0/include/c++/bits/locale_conv.h:41:0,
                 from C:/portableDevEnv_2017/MinGW/lib/gcc/x86_64-w64-mingw32/6.3.0/include/c++/locale:43,
                 from C:/portableDevEnv_2017/MinGW/lib/gcc/x86_64-w64-mingw32/6.3.0/include/c++/iomanip:43,
                 from C:/portableDevEnv_2017/gtest/include/gtest/internal/gtest-internal.h:56,
                 from C:/portableDevEnv_2017/gtest/include/gtest/gtest.h:58,
                 from ..\src\main.cpp:12:
C:/portableDevEnv_2017/MinGW/lib/gcc/x86_64-w64-mingw32/6.3.0/include/c++/bits/unique_ptr.h:252:7: note: candidate: std::unique_ptr<_Tp, _Dp>& std::unique_ptr<_Tp, _Dp>::operator=(std::unique_ptr<_Tp, _Dp>&&) [with _Tp = CKnot<int>; _Dp = std::default_delete<CKnot<int> >]
       operator=(unique_ptr&& __u) noexcept
       ^~~~~~~~
C:/portableDevEnv_2017/MinGW/lib/gcc/x86_64-w64-mingw32/6.3.0/include/c++/bits/unique_ptr.h:252:7: note:   no known conversion for argument 1 from 'CKnot<int>*' to 'std::unique_ptr<CKnot<int>, std::default_delete<CKnot<int> > >&&'
C:/portableDevEnv_2017/MinGW/lib/gcc/x86_64-w64-mingw32/6.3.0/include/c++/bits/unique_ptr.h:272:2: note: candidate: template<class _Up, class _Ep> typename std::enable_if<std::__and_<std::__and_<std::is_convertible<typename std::unique_ptr<_Up, _Ep>::pointer, typename std::unique_ptr<_Tp, _Dp>::_Pointer::type>, std::__not_<std::is_array<_Up> >, std::__or_<std::__and_<std::is_reference<_Dp>, std::is_same<_T2, _U2> >, std::__and_<std::__not_<std::is_reference<_Dp> >, std::is_convertible<_Ep, _Dp> > > >, std::is_assignable<_T2&, _U2&&> >::value, std::unique_ptr<_Tp, _Dp>&>::type std::unique_ptr<_Tp, _Dp>::operator=(std::unique_ptr<_Up, _Ep>&&) [with _Up = _Up; _Ep = _Ep; _Tp = CKnot<int>; _Dp = std::default_delete<CKnot<int> >]
  operator=(unique_ptr<_Up, _Ep>&& __u) noexcept
  ^~~~~~~~
C:/portableDevEnv_2017/MinGW/lib/gcc/x86_64-w64-mingw32/6.3.0/include/c++/bits/unique_ptr.h:272:2: note:   template argument deduction/substitution failed:
In file included from ..\src\main.cpp:56:0:
..\src\CBaum.hpp:74:19: note:   mismatched types 'std::unique_ptr<_Tp, _Dp>' and 'CKnot<int>*'
     knot->m_right = new CKnot<T>(value);
     ~~~~~~~~~~~~~~^~~~~~~~~~~~~~~~~~~~~
In file included from C:/portableDevEnv_2017/MinGW/lib/gcc/x86_64-w64-mingw32/6.3.0/include/c++/bits/locale_conv.h:41:0,
                 from C:/portableDevEnv_2017/MinGW/lib/gcc/x86_64-w64-mingw32/6.3.0/include/c++/locale:43,
                 from C:/portableDevEnv_2017/MinGW/lib/gcc/x86_64-w64-mingw32/6.3.0/include/c++/iomanip:43,
                 from C:/portableDevEnv_2017/gtest/include/gtest/internal/gtest-internal.h:56,
                 from C:/portableDevEnv_2017/gtest/include/gtest/gtest.h:58,
                 from ..\src\main.cpp:12:
C:/portableDevEnv_2017/MinGW/lib/gcc/x86_64-w64-mingw32/6.3.0/include/c++/bits/unique_ptr.h:281:7: note: candidate: std::unique_ptr<_Tp, _Dp>& std::unique_ptr<_Tp, _Dp>::operator=(std::nullptr_t) [with _Tp = CKnot<int>; _Dp = std::default_delete<CKnot<int> >; std::nullptr_t = std::nullptr_t]
       operator=(nullptr_t) noexcept
       ^~~~~~~~
C:/portableDevEnv_2017/MinGW/lib/gcc/x86_64-w64-mingw32/6.3.0/include/c++/bits/unique_ptr.h:281:7: note:   no known conversion for argument 1 from 'CKnot<int>*' to 'std::nullptr_t'
In file included from ..\src\main.cpp:56:0:
..\src\CBaum.hpp:76:11: error: no matching function for call to 'CBaum<int>::insert(int&, std::unique_ptr<CKnot<int>, std::default_delete<CKnot<int> > >&)'
     insert(value, knot->m_right);
     ~~~~~~^~~~~~~~~~~~~~~~~~~~~~
..\src\CBaum.hpp:58:6: note: candidate: void CBaum<T>::insert(T) [with T = int]
 void CBaum<T>::insert(T value){
      ^~~~~~~~
..\src\CBaum.hpp:58:6: note:   candidate expects 1 argument, 2 provided
..\src\CBaum.hpp:62:6: note: candidate: void CBaum<T>::insert(T, CKnot<T>*) [with T = int]
 void CBaum<T>::insert(T value, CKnot<T>* knot){
      ^~~~~~~~
..\src\CBaum.hpp:62:6: note:   no known conversion for argument 2 from 'std::unique_ptr<CKnot<int>, std::default_delete<CKnot<int> > >' to 'CKnot<int>*'
..\src\CBaum.hpp: In instantiation of 'void CBaum<T>::inorder(std::ostream&, CKnot<T>*) [with T = int; std::ostream = std::basic_ostream<char>]':
..\src\CBaum.hpp:82:9:   required from 'void CBaum<T>::inorder(std::ostream&) [with T = int; std::ostream = std::basic_ostream<char>]'
..\src\main.cpp:69:22:   required from here
..\src\CBaum.hpp:87:10: error: no matching function for call to 'CBaum<int>::inorder(std::ostream&, std::unique_ptr<CKnot<int>, std::default_delete<CKnot<int> > >&)'
   inorder(os, knot->m_left);
   ~~~~~~~^~~~~~~~~~~~~~~~~~
..\src\CBaum.hpp:81:6: note: candidate: void CBaum<T>::inorder(std::ostream&) [with T = int; std::ostream = std::basic_ostream<char>]
 void CBaum<T>::inorder(std::ostream& os){
      ^~~~~~~~
..\src\CBaum.hpp:81:6: note:   candidate expects 1 argument, 2 provided
..\src\CBaum.hpp:85:6: note: candidate: void CBaum<T>::inorder(std::ostream&, CKnot<T>*) [with T = int; std::ostream = std::basic_ostream<char>]
 void CBaum<T>::inorder(std::ostream& os, CKnot<T>* knot){
      ^~~~~~~~
..\src\CBaum.hpp:85:6: note:   no known conversion for argument 2 from 'std::unique_ptr<CKnot<int>, std::default_delete<CKnot<int> > >' to 'CKnot<int>*'
..\src\CBaum.hpp:89:10: error: no matching function for call to 'CBaum<int>::inorder(std::ostream&, std::unique_ptr<CKnot<int>, std::default_delete<CKnot<int> > >&)'
   inorder(os, knot->m_right);
   ~~~~~~~^~~~~~~~~~~~~~~~~~~
..\src\CBaum.hpp:81:6: note: candidate: void CBaum<T>::inorder(std::ostream&) [with T = int; std::ostream = std::basic_ostream<char>]
 void CBaum<T>::inorder(std::ostream& os){
      ^~~~~~~~
..\src\CBaum.hpp:81:6: note:   candidate expects 1 argument, 2 provided
..\src\CBaum.hpp:85:6: note: candidate: void CBaum<T>::inorder(std::ostream&, CKnot<T>*) [with T = int; std::ostream = std::basic_ostream<char>]
 void CBaum<T>::inorder(std::ostream& os, CKnot<T>* knot){
      ^~~~~~~~
..\src\CBaum.hpp:85:6: note:   no known conversion for argument 2 from 'std::unique_ptr<CKnot<int>, std::default_delete<CKnot<int> > >' to 'CKnot<int>*'
..\src\CBaum.hpp: In instantiation of 'void CBaum<T>::preorder(std::ostream&, CKnot<T>*) [with T = int; std::ostream = std::basic_ostream<char>]':
..\src\CBaum.hpp:94:10:   required from 'void CBaum<T>::preorder(std::ostream&) [with T = int; std::ostream = std::basic_ostream<char>]'
..\src\main.cpp:72:24:   required from here
..\src\CBaum.hpp:100:11: error: no matching function for call to 'CBaum<int>::preorder(std::ostream&, std::unique_ptr<CKnot<int>, std::default_delete<CKnot<int> > >&)'
   preorder(os, knot->m_left);
   ~~~~~~~~^~~~~~~~~~~~~~~~~~
..\src\CBaum.hpp:93:6: note: candidate: void CBaum<T>::preorder(std::ostream&) [with T = int; std::ostream = std::basic_ostream<char>]
 void CBaum<T>::preorder(std::ostream& os){
      ^~~~~~~~
..\src\CBaum.hpp:93:6: note:   candidate expects 1 argument, 2 provided
..\src\CBaum.hpp:97:6: note: candidate: void CBaum<T>::preorder(std::ostream&, CKnot<T>*) [with T = int; std::ostream = std::basic_ostream<char>]
 void CBaum<T>::preorder(std::ostream& os, CKnot<T>* knot){
      ^~~~~~~~
..\src\CBaum.hpp:97:6: note:   no known conversion for argument 2 from 'std::unique_ptr<CKnot<int>, std::default_delete<CKnot<int> > >' to 'CKnot<int>*'
..\src\CBaum.hpp:101:11: error: no matching function for call to 'CBaum<int>::preorder(std::ostream&, std::unique_ptr<CKnot<int>, std::default_delete<CKnot<int> > >&)'
   preorder(os, knot->m_right);
   ~~~~~~~~^~~~~~~~~~~~~~~~~~~
..\src\CBaum.hpp:93:6: note: candidate: void CBaum<T>::preorder(std::ostream&) [with T = int; std::ostream = std::basic_ostream<char>]
 void CBaum<T>::preorder(std::ostream& os){
      ^~~~~~~~
..\src\CBaum.hpp:93:6: note:   candidate expects 1 argument, 2 provided
..\src\CBaum.hpp:97:6: note: candidate: void CBaum<T>::preorder(std::ostream&, CKnot<T>*) [with T = int; std::ostream = std::basic_ostream<char>]
 void CBaum<T>::preorder(std::ostream& os, CKnot<T>* knot){
      ^~~~~~~~
..\src\CBaum.hpp:97:6: note:   no known conversion for argument 2 from 'std::unique_ptr<CKnot<int>, std::default_delete<CKnot<int> > >' to 'CKnot<int>*'
..\src\CBaum.hpp: In instantiation of 'void CBaum<T>::postorder(std::ostream&, CKnot<T>*) [with T = int; std::ostream = std::basic_ostream<char>]':
..\src\CBaum.hpp:106:11:   required from 'void CBaum<T>::postorder(std::ostream&) [with T = int; std::ostream = std::basic_ostream<char>]'
..\src\main.cpp:75:26:   required from here
..\src\CBaum.hpp:111:12: error: no matching function for call to 'CBaum<int>::postorder(std::ostream&, std::unique_ptr<CKnot<int>, std::default_delete<CKnot<int> > >&)'
   postorder(os, knot->m_left);
   ~~~~~~~~~^~~~~~~~~~~~~~~~~~
..\src\CBaum.hpp:105:6: note: candidate: void CBaum<T>::postorder(std::ostream&) [with T = int; std::ostream = std::basic_ostream<char>]
 void CBaum<T>::postorder(std::ostream& os){
      ^~~~~~~~
..\src\CBaum.hpp:105:6: note:   candidate expects 1 argument, 2 provided
..\src\CBaum.hpp:109:6: note: candidate: void CBaum<T>::postorder(std::ostream&, CKnot<T>*) [with T = int; std::ostream = std::basic_ostream<char>]
 void CBaum<T>::postorder(std::ostream& os, CKnot<T>* knot){
      ^~~~~~~~
..\src\CBaum.hpp:109:6: note:   no known conversion for argument 2 from 'std::unique_ptr<CKnot<int>, std::default_delete<CKnot<int> > >' to 'CKnot<int>*'
..\src\CBaum.hpp:112:12: error: no matching function for call to 'CBaum<int>::postorder(std::ostream&, std::unique_ptr<CKnot<int>, std::default_delete<CKnot<int> > >&)'
   postorder(os, knot->m_right);
   ~~~~~~~~~^~~~~~~~~~~~~~~~~~~
..\src\CBaum.hpp:105:6: note: candidate: void CBaum<T>::postorder(std::ostream&) [with T = int; std::ostream = std::basic_ostream<char>]
 void CBaum<T>::postorder(std::ostream& os){
      ^~~~~~~~
..\src\CBaum.hpp:105:6: note:   candidate expects 1 argument, 2 provided
..\src\CBaum.hpp:109:6: note: candidate: void CBaum<T>::postorder(std::ostream&, CKnot<T>*) [with T = int; std::ostream = std::basic_ostream<char>]
 void CBaum<T>::postorder(std::ostream& os, CKnot<T>* knot){
      ^~~~~~~~
..\src\CBaum.hpp:109:6: note:   no known conversion for argument 2 from 'std::unique_ptr<CKnot<int>, std::default_delete<CKnot<int> > >' to 'CKnot<int>*'
In file included from C:/portableDevEnv_2017/MinGW/lib/gcc/x86_64-w64-mingw32/6.3.0/include/c++/bits/locale_conv.h:41:0,
                 from C:/portableDevEnv_2017/MinGW/lib/gcc/x86_64-w64-mingw32/6.3.0/include/c++/locale:43,
                 from C:/portableDevEnv_2017/MinGW/lib/gcc/x86_64-w64-mingw32/6.3.0/include/c++/iomanip:43,
                 from C:/portableDevEnv_2017/gtest/include/gtest/internal/gtest-internal.h:56,
                 from C:/portableDevEnv_2017/gtest/include/gtest/gtest.h:58,
                 from ..\src\main.cpp:12:
C:/portableDevEnv_2017/MinGW/lib/gcc/x86_64-w64-mingw32/6.3.0/include/c++/bits/unique_ptr.h: In instantiation of 'void std::default_delete<_Tp>::operator()(_Tp*) const [with _Tp = CKnot<int>]':
C:/portableDevEnv_2017/MinGW/lib/gcc/x86_64-w64-mingw32/6.3.0/include/c++/bits/unique_ptr.h:239:17:   required from 'std::unique_ptr<_Tp, _Dp>::~unique_ptr() [with _Tp = CKnot<int>; _Dp = std::default_delete<CKnot<int> >]'
..\src\CBaum.hpp:129:25:   required from 'CKnot<T>::CKnot(T&) [with T = int]'
..\src\CBaum.hpp:64:12:   required from 'void CBaum<T>::insert(T, CKnot<T>*) [with T = int]'
..\src\CBaum.hpp:59:8:   required from 'void CBaum<T>::insert(T) [with T = int]'
..\src\main.cpp:60:15:   required from here
C:/portableDevEnv_2017/MinGW/lib/gcc/x86_64-w64-mingw32/6.3.0/include/c++/bits/unique_ptr.h:76:2: error: 'CKnot<T>::~CKnot() [with T = int]' is private within this context
  delete __ptr;
  ^~~~~~
In file included from ..\src\main.cpp:56:0:
..\src\CBaum.hpp:135:1: note: declared private here
 CKnot<T>::~CKnot(){
 ^~~~~~~~
14:43:53 **** Incremental Build of configuration Debug for project Blatt8 ****
Info: Internal Builder is used for build
g++ "-IC:\\portableDevEnv_2017\\eclipse\\/../gtest/include" -O0 -g3 -Wall -c -fmessage-length=0 -o "src\\main.o" "..\\src\\main.cpp" 
g++ "-LC:\\portableDevEnv_2017\\eclipse\\/../gtest/lib" -o Blatt8.exe "src\\XOutOfBounds.o" "src\\main.o" -lgtest 
